<?xml version="1.0" encoding="UTF-8"?>
<testng-results ignored="0" total="1" passed="1" failed="0" skipped="0">
  <reporter-output>
  </reporter-output>
  <suite started-at="2021-02-11T01:48:10Z" name="Suite" finished-at="2021-02-11T01:48:12Z" duration-ms="2407">
    <groups>
    </groups>
    <test started-at="2021-02-11T01:48:10Z" name="Test" finished-at="2021-02-11T01:48:12Z" duration-ms="2407">
      <class name="com.simple.Google">
        <test-method is-config="true" signature="createDriver()[pri:0, instance:com.simple.Google@6e535154]" started-at="2021-02-11T01:48:10Z" name="createDriver" finished-at="2021-02-11T01:48:11Z" duration-ms="810" status="PASS">
          <reporter-output>
          </reporter-output>
        </test-method> <!-- createDriver -->
        <test-method signature="getUrl()[pri:0, instance:com.simple.Google@6e535154]" started-at="2021-02-11T01:48:11Z" name="getUrl" finished-at="2021-02-11T01:48:12Z" duration-ms="1519" status="PASS">
          <reporter-output>
          </reporter-output>
        </test-method> <!-- getUrl -->
        <test-method is-config="true" signature="tearDown()[pri:0, instance:com.simple.Google@6e535154]" started-at="2021-02-11T01:48:12Z" name="tearDown" finished-at="2021-02-11T01:48:12Z" duration-ms="62" status="PASS">
          <reporter-output>
          </reporter-output>
        </test-method> <!-- tearDown -->
      </class> <!-- com.simple.Google -->
    </test> <!-- Test -->
  </suite> <!-- Suite -->
</testng-results>
