<?xml version="1.0" encoding="UTF-8"?>
<testng-results ignored="0" total="1" passed="1" failed="0" skipped="0">
  <reporter-output>
  </reporter-output>
  <suite started-at="2021-02-11T04:59:22Z" name="Suite" finished-at="2021-02-11T04:59:25Z" duration-ms="2490">
    <groups>
    </groups>
    <test started-at="2021-02-11T04:59:22Z" name="Test" finished-at="2021-02-11T04:59:25Z" duration-ms="2490">
      <class name="tests.Google">
        <test-method is-config="true" signature="createDriver()[pri:0, instance:tests.Google@3de8f619]" started-at="2021-02-11T04:59:22Z" name="createDriver" finished-at="2021-02-11T04:59:23Z" duration-ms="729" status="PASS">
          <reporter-output>
          </reporter-output>
        </test-method> <!-- createDriver -->
        <test-method signature="getUrl()[pri:0, instance:tests.Google@3de8f619]" started-at="2021-02-11T04:59:23Z" name="getUrl" finished-at="2021-02-11T04:59:25Z" duration-ms="1684" status="PASS">
          <reporter-output>
          </reporter-output>
        </test-method> <!-- getUrl -->
        <test-method is-config="true" signature="tearDown()[pri:0, instance:tests.Google@3de8f619]" started-at="2021-02-11T04:59:25Z" name="tearDown" finished-at="2021-02-11T04:59:25Z" duration-ms="65" status="PASS">
          <reporter-output>
          </reporter-output>
        </test-method> <!-- tearDown -->
      </class> <!-- tests.Google -->
    </test> <!-- Test -->
  </suite> <!-- Suite -->
</testng-results>
