<?xml version="1.0" encoding="UTF-8"?>
<testng-results ignored="0" total="1" passed="1" failed="0" skipped="0">
  <reporter-output>
  </reporter-output>
  <suite started-at="2021-02-11T04:59:07Z" name="Suite" finished-at="2021-02-11T04:59:10Z" duration-ms="2436">
    <groups>
    </groups>
    <test started-at="2021-02-11T04:59:07Z" name="Test" finished-at="2021-02-11T04:59:10Z" duration-ms="2436">
      <class name="tests.Facebook">
        <test-method is-config="true" signature="createDriver()[pri:0, instance:tests.Facebook@1b266842]" started-at="2021-02-11T04:59:07Z" name="createDriver" finished-at="2021-02-11T04:59:08Z" duration-ms="1007" status="PASS">
          <reporter-output>
          </reporter-output>
        </test-method> <!-- createDriver -->
        <test-method signature="getUrl()[pri:0, instance:tests.Facebook@1b266842]" started-at="2021-02-11T04:59:08Z" name="getUrl" finished-at="2021-02-11T04:59:10Z" duration-ms="1334" status="PASS">
          <reporter-output>
          </reporter-output>
        </test-method> <!-- getUrl -->
        <test-method is-config="true" signature="tearDown()[pri:0, instance:tests.Facebook@1b266842]" started-at="2021-02-11T04:59:10Z" name="tearDown" finished-at="2021-02-11T04:59:10Z" duration-ms="74" status="PASS">
          <reporter-output>
          </reporter-output>
        </test-method> <!-- tearDown -->
      </class> <!-- tests.Facebook -->
    </test> <!-- Test -->
  </suite> <!-- Suite -->
</testng-results>
