<?xml version="1.0" encoding="UTF-8"?>
<testng-results ignored="0" total="1" passed="1" failed="0" skipped="0">
  <reporter-output>
  </reporter-output>
  <suite started-at="2021-02-11T01:45:51Z" name="Default suite" finished-at="2021-02-11T01:45:56Z" duration-ms="4962">
    <groups>
    </groups>
    <test started-at="2021-02-11T01:45:51Z" name="Default test" finished-at="2021-02-11T01:45:56Z" duration-ms="4962">
      <class name="com.simple.Facebook">
        <test-method is-config="true" signature="createDriver()[pri:0, instance:com.simple.Facebook@52e7a6b2]" started-at="2021-02-11T01:45:51Z" name="createDriver" finished-at="2021-02-11T01:45:53Z" duration-ms="2163" status="PASS">
          <reporter-output>
          </reporter-output>
        </test-method> <!-- createDriver -->
        <test-method signature="getUrl()[pri:0, instance:com.simple.Facebook@52e7a6b2]" started-at="2021-02-11T01:45:53Z" name="getUrl" finished-at="2021-02-11T01:45:55Z" duration-ms="2039" status="PASS">
          <reporter-output>
          </reporter-output>
        </test-method> <!-- getUrl -->
        <test-method is-config="true" signature="tearDown()[pri:0, instance:com.simple.Facebook@52e7a6b2]" started-at="2021-02-11T01:45:55Z" name="tearDown" finished-at="2021-02-11T01:45:56Z" duration-ms="711" status="PASS">
          <reporter-output>
          </reporter-output>
        </test-method> <!-- tearDown -->
      </class> <!-- com.simple.Facebook -->
    </test> <!-- Default test -->
  </suite> <!-- Default suite -->
</testng-results>
